<?xml version="1.0" encoding="UTF-8"?>
<!-- Generated by org.testng.reporters.JUnitXMLReporter -->
<testsuite hostname="Lenovo-PC" name="Ebay App Test" tests="3" failures="0" timestamp="22 Feb 2018 04:45:58 GMT" time="86.185" errors="0">
  <testcase name="login" time="36.694" classname="testcases.ebay.EbayTest"/>
  <testcase name="Shopping" time="44.503" classname="testcases.ebay.EbayTest"/>
  <testcase name="SwipeScroll" time="4.747" classname="testcases.ebay.EbayTest"/>
</testsuite> <!-- Ebay App Test -->
