<?xml version="1.0" encoding="UTF-8"?>
<!-- Generated by org.testng.reporters.JUnitXMLReporter -->
<testsuite hostname="Lenovo-PC" name="Default test" tests="3" failures="0" timestamp="22 Feb 2018 04:56:55 GMT" time="88.024" errors="0">
  <testcase name="login" time="35.545" classname="testcases.ebay.EbayTest"/>
  <testcase name="Shopping" time="47.487" classname="testcases.ebay.EbayTest"/>
  <testcase name="SwipeScroll" time="4.723" classname="testcases.ebay.EbayTest"/>
</testsuite> <!-- Default test -->
